<?xml version="1.0" encoding="UTF-8"?>
<!-- Generated by org.testng.reporters.JUnitXMLReporter -->
<testsuite hostname="DESKTOP-IOGOAHH" ignored="0" name="Default test" tests="4" failures="0" timestamp="17 Oct 2019 17:16:08 GMT" time="0.086" errors="0">
  <testcase name="Division" time="0.026" classname="com.qa.test.TestNgDemo"/>
  <testcase name="Multi" time="0.002" classname="com.qa.test.TestNgDemo"/>
  <testcase name="subtract" time="0.0" classname="com.qa.test.TestNgDemo"/>
  <testcase name="sum" time="0.0" classname="com.qa.test.TestNgDemo"/>
</testsuite> <!-- Default test -->
