<?xml version="1.0" encoding="UTF-8"?>
<testng-results skipped="0" failed="0" ignored="0" total="4" passed="4">
  <reporter-output>
  </reporter-output>
  <suite name="Default suite" duration-ms="86" started-at="2019-10-17T17:16:08Z" finished-at="2019-10-17T17:16:08Z">
    <groups>
    </groups>
    <test name="Default test" duration-ms="86" started-at="2019-10-17T17:16:08Z" finished-at="2019-10-17T17:16:08Z">
      <class name="com.qa.test.TestNgDemo">
        <test-method status="PASS" signature="Division()[pri:0, instance:com.qa.test.TestNgDemo@4cba9982]" name="Division" duration-ms="26" started-at="2019-10-17T22:46:08Z" finished-at="2019-10-17T22:46:08Z">
          <reporter-output>
          </reporter-output>
        </test-method> <!-- Division -->
        <test-method status="PASS" signature="Multi()[pri:0, instance:com.qa.test.TestNgDemo@4cba9982]" name="Multi" duration-ms="2" started-at="2019-10-17T22:46:08Z" finished-at="2019-10-17T22:46:08Z">
          <reporter-output>
          </reporter-output>
        </test-method> <!-- Multi -->
        <test-method status="PASS" signature="subtract()[pri:0, instance:com.qa.test.TestNgDemo@4cba9982]" name="subtract" duration-ms="0" started-at="2019-10-17T22:46:08Z" finished-at="2019-10-17T22:46:08Z">
          <reporter-output>
          </reporter-output>
        </test-method> <!-- subtract -->
        <test-method status="PASS" signature="sum()[pri:0, instance:com.qa.test.TestNgDemo@4cba9982]" name="sum" duration-ms="0" started-at="2019-10-17T22:46:08Z" finished-at="2019-10-17T22:46:08Z">
          <reporter-output>
          </reporter-output>
        </test-method> <!-- sum -->
      </class> <!-- com.qa.test.TestNgDemo -->
    </test> <!-- Default test -->
  </suite> <!-- Default suite -->
</testng-results>
